<?xml version="1.0" encoding="utf-8"?><testsuites name="pytest tests"><testsuite name="pytest" errors="0" failures="0" skipped="0" tests="5" time="1.701" timestamp="2026-08-24T12:45:24.740149+00:00" hostname="agent-env-429c0739-39e1-495f-a8f6-090f9102f021"><testcase classname="tests.test_dashboard_overview" name="test_seed_or_present" time="0.333" /><testcase classname="tests.test_dashboard_overview" name="test_overview_shape" time="0.092" /><testcase classname="tests.test_dashboard_overview" name="test_overview_math" time="0.222" /><testcase classname="tests.test_dashboard_overview" name="test_status_counts_match" time="0.164" /><testcase classname="tests.test_dashboard_overview" name="test_regression_orders_stock_endpoints" time="0.560" /></testsuite></testsuites>