<?xml version="1.0" encoding="utf-8"?><testsuites name="pytest tests"><testsuite name="pytest" errors="0" failures="0" skipped="0" tests="43" time="18.389" timestamp="2026-08-24T12:34:30.909733+00:00" hostname="agent-env-429c0739-39e1-495f-a8f6-090f9102f021"><testcase classname="tests.backend_test.TestParties" name="test_list_shape" time="0.256" /><testcase classname="tests.backend_test.TestParties" name="test_create_and_delete_party" time="0.301" /><testcase classname="tests.backend_test.TestLookups" name="test_lookups_shape_and_party_pages" time="0.073" /><testcase classname="tests.backend_test.TestOrderRowsBulk" name="test_list_has_id_not_underscore" time="0.092" /><testcase classname="tests.backend_test.TestOrderRowsBulk" name="test_bulk_returns_saved_index_id_and_persists" time="0.238" /><testcase classname="tests.backend_test.TestOrderRowsBulk" name="test_autosave_second_edit_updates_same_row_no_duplicate" time="0.411" /><testcase classname="tests.backend_test.TestOrderRowsBulk" name="test_blank_rows_skipped" time="0.252" /><testcase classname="tests.backend_test.TestOrderRowsBulk" name="test_delete_row" time="0.263" /><testcase classname="tests.backend_test.TestStockRows" name="test_stock_row_shape_no_conference_field" time="0.073" /><testcase classname="tests.backend_test.TestStockRows" name="test_stock_bulk_returns_saved_and_persists" time="0.304" /><testcase classname="tests.backend_test.TestStockRows" name="test_stock_bulk_blank_skipped" time="0.225" /><testcase classname="tests.backend_test.TestReplaceEndpoints" name="test_order_replace_wipes_and_reinserts" time="0.529" /><testcase classname="tests.backend_test.TestReplaceEndpoints" name="test_stock_replace_wipes_and_reinserts" time="0.379" /><testcase classname="tests.backend_test.TestAutoStatus" name="test_auto_status_matches_on_group_item_shade" time="0.550" /><testcase classname="tests.backend_test.TestBalanceStock" name="test_shape_and_totals" time="0.093" /><testcase classname="tests.backend_test.TestBalanceStock" name="test_same_item_shade_different_group_are_separate_lines" time="0.547" /><testcase classname="tests.backend_test.TestBalanceStock" name="test_negative_balance_marked_short" time="0.390" /><testcase classname="tests.backend_test.TestOrderSummary" name="test_summary_shape_and_totals_match_order_qty" time="0.172" /><testcase classname="tests.backend_test.TestOrderSummary" name="test_summary_aggregates_group_item_shade" time="0.387" /><testcase classname="tests.backend_test.TestBlankRowDeletes" name="test_blank_order_row_with_id_deletes_server_side" time="0.342" /><testcase classname="tests.backend_test.TestBlankRowDeletes" name="test_blank_stock_row_with_id_deletes_server_side" time="0.308" /><testcase classname="tests.backend_test.TestBlankRowDeletes" name="test_stock_bulk_group_only_default_does_not_create" time="0.232" /><testcase classname="tests.backend_test.TestDashboard" name="test_dashboard_shape" time="0.078" /><testcase classname="tests.backend_test.TestCompanyOrder" name="test_shape_and_totals" time="0.094" /><testcase classname="tests.backend_test.TestCompanyOrder" name="test_pending_only_filters" time="0.191" /><testcase classname="tests.backend_test.TestCompanyOrder" name="test_stock_reduces_qty_to_order_then_restored" time="0.584" /><testcase classname="tests.backend_test.TestCompanyOrder" name="test_export_xlsx_is_valid_openpyxl" time="0.876" /><testcase classname="tests.backend_test.TestCompanyOrder" name="test_export_pdf_is_valid" time="0.414" /><testcase classname="tests.test_line_sheets.TestLineSheets" name="test_unknown_sheet_returns_404" time="0.535" /><testcase classname="tests.test_line_sheets.TestLineSheets" name="test_list_empty" time="0.495" /><testcase classname="tests.test_line_sheets.TestLineSheets" name="test_bulk_create_shape_and_persistence" time="0.616" /><testcase classname="tests.test_line_sheets.TestLineSheets" name="test_blank_rows_are_skipped" time="0.489" /><testcase classname="tests.test_line_sheets.TestLineSheets" name="test_blank_row_with_id_deletes" time="0.562" /><testcase classname="tests.test_line_sheets.TestLineSheets" name="test_replace_and_delete" time="0.693" /><testcase classname="tests.test_line_sheets.TestCompanyBalance" name="test_shape_empty" time="0.365" /><testcase classname="tests.test_line_sheets.TestCompanyBalance" name="test_sent_then_partial_arrival" time="0.663" /><testcase classname="tests.test_line_sheets.TestCompanyBalance" name="test_multiple_arrivals_accumulate_to_zero" time="0.767" /><testcase classname="tests.test_line_sheets.TestCompanyBalance" name="test_arrival_exceeding_sent_gives_negative_balance" time="0.709" /><testcase classname="tests.test_line_sheets.TestCompanyBalance" name="test_different_group_same_item_shade_are_separate" time="0.801" /><testcase classname="tests.test_line_sheets.TestCompanyBalance" name="test_deleting_arrival_restores_balance" time="0.823" /><testcase classname="tests.test_line_sheets.TestCompanyBalance" name="test_deleting_sent_removes_line" time="0.633" /><testcase classname="tests.test_line_sheets.TestRoutingRegression" name="test_all_literal_routes_still_respond" time="1.101" /><testcase classname="tests.test_line_sheets.TestRoutingRegression" name="test_order_rows_unchanged" time="0.399" /></testsuite></testsuites>