<?xml version="1.0" encoding="utf-8"?><testsuites name="pytest tests"><testsuite name="pytest" errors="0" failures="0" skipped="0" tests="28" time="8.838" timestamp="2026-08-24T14:31:47.059110+00:00" hostname="agent-env-429c0739-39e1-495f-a8f6-090f9102f021"><testcase classname="tests.backend_test.TestParties" name="test_list_shape" time="0.305" /><testcase classname="tests.backend_test.TestParties" name="test_create_and_delete_party" time="0.254" /><testcase classname="tests.backend_test.TestLookups" name="test_lookups_shape_and_party_pages" time="0.074" /><testcase classname="tests.backend_test.TestOrderRowsBulk" name="test_list_has_id_not_underscore" time="0.241" /><testcase classname="tests.backend_test.TestOrderRowsBulk" name="test_bulk_returns_saved_index_id_and_persists" time="0.298" /><testcase classname="tests.backend_test.TestOrderRowsBulk" name="test_autosave_second_edit_updates_same_row_no_duplicate" time="0.482" /><testcase classname="tests.backend_test.TestOrderRowsBulk" name="test_blank_rows_skipped" time="0.353" /><testcase classname="tests.backend_test.TestOrderRowsBulk" name="test_delete_row" time="0.261" /><testcase classname="tests.backend_test.TestStockRows" name="test_stock_row_shape_no_conference_field" time="0.067" /><testcase classname="tests.backend_test.TestStockRows" name="test_stock_bulk_returns_saved_and_persists" time="0.250" /><testcase classname="tests.backend_test.TestStockRows" name="test_stock_bulk_blank_skipped" time="0.199" /><testcase classname="tests.backend_test.TestReplaceEndpoints" name="test_order_replace_wipes_and_reinserts" time="0.730" /><testcase classname="tests.backend_test.TestReplaceEndpoints" name="test_stock_replace_wipes_and_reinserts" time="0.353" /><testcase classname="tests.backend_test.TestAutoStatus" name="test_auto_status_matches_on_group_item_shade" time="0.538" /><testcase classname="tests.backend_test.TestBalanceStock" name="test_shape_and_totals" time="0.078" /><testcase classname="tests.backend_test.TestBalanceStock" name="test_same_item_shade_different_group_are_separate_lines" time="0.455" /><testcase classname="tests.backend_test.TestBalanceStock" name="test_negative_balance_marked_short" time="0.348" /><testcase classname="tests.backend_test.TestOrderSummary" name="test_summary_shape_and_totals_match_order_qty" time="0.229" /><testcase classname="tests.backend_test.TestOrderSummary" name="test_summary_aggregates_group_item_shade" time="0.370" /><testcase classname="tests.backend_test.TestBlankRowDeletes" name="test_blank_order_row_with_id_deletes_server_side" time="0.459" /><testcase classname="tests.backend_test.TestBlankRowDeletes" name="test_blank_stock_row_with_id_deletes_server_side" time="0.279" /><testcase classname="tests.backend_test.TestBlankRowDeletes" name="test_stock_bulk_group_only_default_does_not_create" time="0.200" /><testcase classname="tests.backend_test.TestDashboard" name="test_dashboard_shape" time="0.112" /><testcase classname="tests.backend_test.TestCompanyOrder" name="test_shape_and_totals" time="0.126" /><testcase classname="tests.backend_test.TestCompanyOrder" name="test_pending_only_filters" time="0.192" /><testcase classname="tests.backend_test.TestCompanyOrder" name="test_stock_reduces_qty_to_order_then_restored" time="0.572" /><testcase classname="tests.backend_test.TestCompanyOrder" name="test_export_xlsx_is_valid_openpyxl" time="0.665" /><testcase classname="tests.backend_test.TestCompanyOrder" name="test_export_pdf_is_valid" time="0.286" /></testsuite></testsuites>