<?xml version="1.0" encoding="utf-8"?><testsuites name="pytest tests"><testsuite name="pytest" errors="0" failures="0" skipped="0" tests="56" time="113.467" timestamp="2026-08-24T15:19:47.255073+00:00" hostname="agent-env-429c0739-39e1-495f-a8f6-090f9102f021"><testcase classname="tests.test_shop_sale.TestShopSaleCRUD" name="test_list_ok_and_shape" time="0.563" /><testcase classname="tests.test_shop_sale.TestShopSaleCRUD" name="test_unknown_sheet_still_404s" time="0.306" /><testcase classname="tests.test_shop_sale.TestShopSaleCRUD" name="test_bulk_create_party_bill_roundtrip" time="0.583" /><testcase classname="tests.test_shop_sale.TestShopSaleCRUD" name="test_partial_row_party_and_bill_only_persists" time="0.463" /><testcase classname="tests.test_shop_sale.TestShopSaleCRUD" name="test_only_party_persists" time="0.325" /><testcase classname="tests.test_shop_sale.TestShopSaleCRUD" name="test_fully_blank_row_skipped" time="0.248" /><testcase classname="tests.test_shop_sale.TestShopSaleCRUD" name="test_blank_with_id_deletes" time="0.423" /><testcase classname="tests.test_shop_sale.TestShopSaleCRUD" name="test_update_by_id" time="0.487" /><testcase classname="tests.test_shop_sale.TestShopSaleCRUD" name="test_replace_wipes_and_reinserts" time="0.601" /><testcase classname="tests.test_shop_sale.TestShopSaleCRUD" name="test_delete_by_id" time="0.396" /><testcase classname="tests.test_shop_sale.TestNoRegressionOnOtherLineSheets" name="test_company_sent_still_accepts_and_lists_with_party_bill" time="0.519" /><testcase classname="tests.test_shop_sale.TestNoRegressionOnOtherLineSheets" name="test_company_balance_ignores_shop_sale" time="0.549" /><testcase classname="tests.test_shop_sale.TestNoRegressionOnOtherLineSheets" name="test_dashboard_unaffected_by_shop_sale" time="0.528" /><testcase classname="tests.test_line_sheets.TestLineSheets" name="test_unknown_sheet_returns_404" time="87.890" /><testcase classname="tests.test_line_sheets.TestLineSheets" name="test_list_empty" time="0.330" /><testcase classname="tests.test_line_sheets.TestLineSheets" name="test_bulk_create_shape_and_persistence" time="0.480" /><testcase classname="tests.test_line_sheets.TestLineSheets" name="test_blank_rows_are_skipped" time="0.413" /><testcase classname="tests.test_line_sheets.TestLineSheets" name="test_blank_row_with_id_deletes" time="0.478" /><testcase classname="tests.test_line_sheets.TestLineSheets" name="test_replace_and_delete" time="0.745" /><testcase classname="tests.test_line_sheets.TestCompanyBalance" name="test_shape_empty" time="0.540" /><testcase classname="tests.test_line_sheets.TestCompanyBalance" name="test_sent_then_partial_arrival" time="0.694" /><testcase classname="tests.test_line_sheets.TestCompanyBalance" name="test_multiple_arrivals_accumulate_to_zero" time="0.756" /><testcase classname="tests.test_line_sheets.TestCompanyBalance" name="test_arrival_exceeding_sent_gives_negative_balance" time="0.606" /><testcase classname="tests.test_line_sheets.TestCompanyBalance" name="test_different_group_same_item_shade_are_separate" time="0.699" /><testcase classname="tests.test_line_sheets.TestCompanyBalance" name="test_deleting_arrival_restores_balance" time="0.710" /><testcase classname="tests.test_line_sheets.TestCompanyBalance" name="test_deleting_sent_removes_line" time="0.550" /><testcase classname="tests.test_line_sheets.TestRoutingRegression" name="test_all_literal_routes_still_respond" time="1.108" /><testcase classname="tests.test_line_sheets.TestRoutingRegression" name="test_order_rows_unchanged" time="0.529" /><testcase classname="tests.backend_test.TestParties" name="test_list_shape" time="0.385" /><testcase classname="tests.backend_test.TestParties" name="test_create_and_delete_party" time="0.331" /><testcase classname="tests.backend_test.TestLookups" name="test_lookups_shape_and_party_pages" time="0.092" /><testcase classname="tests.backend_test.TestOrderRowsBulk" name="test_list_has_id_not_underscore" time="0.262" /><testcase classname="tests.backend_test.TestOrderRowsBulk" name="test_bulk_returns_saved_index_id_and_persists" time="0.362" /><testcase classname="tests.backend_test.TestOrderRowsBulk" name="test_autosave_second_edit_updates_same_row_no_duplicate" time="0.561" /><testcase classname="tests.backend_test.TestOrderRowsBulk" name="test_blank_rows_skipped" time="0.400" /><testcase classname="tests.backend_test.TestOrderRowsBulk" name="test_delete_row" time="0.408" /><testcase classname="tests.backend_test.TestStockRows" name="test_stock_row_shape_no_conference_field" time="0.123" /><testcase classname="tests.backend_test.TestStockRows" name="test_stock_bulk_returns_saved_and_persists" time="0.331" /><testcase classname="tests.backend_test.TestStockRows" name="test_stock_bulk_blank_skipped" time="0.248" /><testcase classname="tests.backend_test.TestReplaceEndpoints" name="test_order_replace_wipes_and_reinserts" time="0.917" /><testcase classname="tests.backend_test.TestReplaceEndpoints" name="test_stock_replace_wipes_and_reinserts" time="0.416" /><testcase classname="tests.backend_test.TestAutoStatus" name="test_auto_status_matches_on_group_item_shade" time="0.646" /><testcase classname="tests.backend_test.TestBalanceStock" name="test_shape_and_totals" time="0.096" /><testcase classname="tests.backend_test.TestBalanceStock" name="test_same_item_shade_different_group_are_separate_lines" time="0.575" /><testcase classname="tests.backend_test.TestBalanceStock" name="test_negative_balance_marked_short" time="0.458" /><testcase classname="tests.backend_test.TestOrderSummary" name="test_summary_shape_and_totals_match_order_qty" time="0.248" /><testcase classname="tests.backend_test.TestOrderSummary" name="test_summary_aggregates_group_item_shade" time="0.449" /><testcase classname="tests.backend_test.TestBlankRowDeletes" name="test_blank_order_row_with_id_deletes_server_side" time="0.505" /><testcase classname="tests.backend_test.TestBlankRowDeletes" name="test_blank_stock_row_with_id_deletes_server_side" time="0.356" /><testcase classname="tests.backend_test.TestBlankRowDeletes" name="test_stock_bulk_group_only_default_does_not_create" time="0.232" /><testcase classname="tests.backend_test.TestDashboard" name="test_dashboard_shape" time="0.119" /><testcase classname="tests.backend_test.TestCompanyOrder" name="test_shape_and_totals" time="0.117" /><testcase classname="tests.backend_test.TestCompanyOrder" name="test_pending_only_filters" time="0.196" /><testcase classname="tests.backend_test.TestCompanyOrder" name="test_stock_reduces_qty_to_order_then_restored" time="0.625" /><testcase classname="tests.backend_test.TestCompanyOrder" name="test_export_xlsx_is_valid_openpyxl" time="0.931" /><testcase classname="tests.backend_test.TestCompanyOrder" name="test_export_pdf_is_valid" time="0.450" /></testsuite></testsuites>