<?xml version="1.0" encoding="utf-8"?><testsuites name="pytest tests"><testsuite name="pytest" errors="0" failures="4" skipped="0" tests="28" time="5.818" timestamp="2026-08-24T14:25:12.169819+00:00" hostname="agent-env-429c0739-39e1-495f-a8f6-090f9102f021"><testcase classname="tests.backend_test.TestCompanyOrder" name="test_shape_and_totals" time="0.405"><failure message="assert 0 == 9.0">backend/tests/backend_test.py:525: in test_shape_and_totals
    assert row["to_order"] == expected
E   assert 0 == 9.0</failure></testcase><testcase classname="tests.backend_test.TestOrderRowsBulk" name="test_list_has_id_not_underscore" time="0.552" /><testcase classname="tests.backend_test.TestCompanyOrder" name="test_pending_only_filters" time="0.183" /><testcase classname="tests.backend_test.TestOrderRowsBulk" name="test_bulk_returns_saved_index_id_and_persists" time="0.417" /><testcase classname="tests.backend_test.TestCompanyOrder" name="test_stock_reduces_qty_to_order_then_restored" time="0.642" /><testcase classname="tests.backend_test.TestOrderRowsBulk" name="test_autosave_second_edit_updates_same_row_no_duplicate" time="0.872" /><testcase classname="tests.backend_test.TestCompanyOrder" name="test_export_xlsx_is_valid_openpyxl" time="0.620"><failure message="assert 6 == ((4 + 0) + 1)&#10; +  where 0 = len([])">backend/tests/backend_test.py:601: in test_export_xlsx_is_valid_openpyxl
    assert last_row == 4 + len(api_rows) + 1
E   assert 6 == ((4 + 0) + 1)
E    +  where 0 = len([])</failure></testcase><testcase classname="tests.backend_test.TestOrderRowsBulk" name="test_blank_rows_skipped" time="0.495" /><testcase classname="tests.backend_test.TestCompanyOrder" name="test_export_pdf_is_valid" time="0.421" /><testcase classname="tests.backend_test.TestStockRows" name="test_stock_row_shape_no_conference_field" time="0.063" /><testcase classname="tests.backend_test.TestOrderRowsBulk" name="test_delete_row" time="0.317" /><testcase classname="tests.backend_test.TestStockRows" name="test_stock_bulk_returns_saved_and_persists" time="0.335" /><testcase classname="tests.backend_test.TestBalanceStock" name="test_shape_and_totals" time="0.092" /><testcase classname="tests.backend_test.TestStockRows" name="test_stock_bulk_blank_skipped" time="0.229"><failure message="AssertionError: assert 1 == 0&#10; +  where 1 = len([{'id': '6a8c544bbb506481767d2ce5', 'group': 'QA_BAL_G1', 'item': 'QA_BAL_ITEM', 'shade': 'BS', ...}])&#10; +    where [{'id': '6a8c544bbb506481767d2ce5', 'group': 'QA_BAL_G1', 'item': 'QA_BAL_ITEM', 'shade': 'BS', ...}] = json()&#10; +      where json = &lt;Response [200]&gt;.json&#10; +        where &lt;Response [200]&gt; = get('https://order-dispatch-hub-31.preview.emergentagent.com/api/stock-rows')&#10; +          where get = &lt;requests.sessions.Session object at 0xfc5dfe0d3310&gt;.get">backend/tests/backend_test.py:207: in test_stock_bulk_blank_skipped
    assert len(s.get(f"{API}/stock-rows").json()) == before
E   AssertionError: assert 1 == 0
E    +  where 1 = len([{'id': '6a8c544bbb506481767d2ce5', 'group': 'QA_BAL_G1', 'item': 'QA_BAL_ITEM', 'shade': 'BS', ...}])
E    +    where [{'id': '6a8c544bbb506481767d2ce5', 'group': 'QA_BAL_G1', 'item': 'QA_BAL_ITEM', 'shade': 'BS', ...}] = json()
E    +      where json = &lt;Response [200]&gt;.json
E    +        where &lt;Response [200]&gt; = get('https://order-dispatch-hub-31.preview.emergentagent.com/api/stock-rows')
E    +          where get = &lt;requests.sessions.Session object at 0xfc5dfe0d3310&gt;.get</failure></testcase><testcase classname="tests.backend_test.TestBalanceStock" name="test_same_item_shade_different_group_are_separate_lines" time="0.807" /><testcase classname="tests.backend_test.TestBlankRowDeletes" name="test_blank_order_row_with_id_deletes_server_side" time="0.433" /><testcase classname="tests.backend_test.TestBlankRowDeletes" name="test_blank_stock_row_with_id_deletes_server_side" time="0.284" /><testcase classname="tests.backend_test.TestBalanceStock" name="test_negative_balance_marked_short" time="0.449" /><testcase classname="tests.backend_test.TestBlankRowDeletes" name="test_stock_bulk_group_only_default_does_not_create" time="0.182" /><testcase classname="tests.backend_test.TestReplaceEndpoints" name="test_order_replace_wipes_and_reinserts" time="0.740" /><testcase classname="tests.backend_test.TestParties" name="test_list_shape" time="0.103" /><testcase classname="tests.backend_test.TestParties" name="test_create_and_delete_party" time="0.388" /><testcase classname="tests.backend_test.TestLookups" name="test_lookups_shape_and_party_pages" time="0.078" /><testcase classname="tests.backend_test.TestAutoStatus" name="test_auto_status_matches_on_group_item_shade" time="0.300"><failure message="AssertionError: assert 'not_ready' == 'ready'&#10;  &#10;  - ready&#10;  + not_ready">backend/tests/backend_test.py:325: in test_auto_status_matches_on_group_item_shade
    assert rows[ids[0]]["status"] == "ready"
E   AssertionError: assert 'not_ready' == 'ready'
E     
E     - ready
E     + not_ready</failure></testcase><testcase classname="tests.backend_test.TestReplaceEndpoints" name="test_stock_replace_wipes_and_reinserts" time="0.306" /><testcase classname="tests.backend_test.TestDashboard" name="test_dashboard_shape" time="0.192" /><testcase classname="tests.backend_test.TestOrderSummary" name="test_summary_shape_and_totals_match_order_qty" time="0.204" /><testcase classname="tests.backend_test.TestOrderSummary" name="test_summary_aggregates_group_item_shade" time="0.361" /></testsuite></testsuites>