<?xml version="1.0" encoding="utf-8"?><testsuites name="pytest tests"><testsuite name="pytest" errors="0" failures="0" skipped="0" tests="21" time="11.719" timestamp="2026-08-24T15:47:18.878418+00:00" hostname="agent-env-429c0739-39e1-495f-a8f6-090f9102f021"><testcase classname="tests.test_extra_stock.TestBalanceStockFormula" name="test_full_formula_with_pending_and_shop_sales" time="2.522" /><testcase classname="tests.test_extra_stock.TestBalanceStockFormula" name="test_pending_never_negative" time="1.544" /><testcase classname="tests.test_extra_stock.TestExtraStock" name="test_shape_and_totals_reconcile" time="0.072" /><testcase classname="tests.test_extra_stock.TestExtraStock" name="test_only_lines_where_arrived_gt_sent_appear" time="5.243" /><testcase classname="tests.test_extra_stock.TestExtraStockExports" name="test_xlsx_headers_and_total_row" time="0.507" /><testcase classname="tests.test_extra_stock.TestExtraStockExports" name="test_pdf_valid" time="0.142" /><testcase classname="tests.test_extra_stock.TestRegressionEndpoints" name="test_endpoint_ok[/parties]" time="0.077" /><testcase classname="tests.test_extra_stock.TestRegressionEndpoints" name="test_endpoint_ok[/order-rows]" time="0.140" /><testcase classname="tests.test_extra_stock.TestRegressionEndpoints" name="test_endpoint_ok[/stock-rows]" time="0.130" /><testcase classname="tests.test_extra_stock.TestRegressionEndpoints" name="test_endpoint_ok[/lookups]" time="0.099" /><testcase classname="tests.test_extra_stock.TestRegressionEndpoints" name="test_endpoint_ok[/company-balance]" time="0.099" /><testcase classname="tests.test_extra_stock.TestRegressionEndpoints" name="test_endpoint_ok[/company-order?pending_only=true]" time="0.105" /><testcase classname="tests.test_extra_stock.TestRegressionEndpoints" name="test_endpoint_ok[/company-order?pending_only=false]" time="0.120" /><testcase classname="tests.test_extra_stock.TestRegressionEndpoints" name="test_endpoint_ok[/balance-stock]" time="0.130" /><testcase classname="tests.test_extra_stock.TestRegressionEndpoints" name="test_endpoint_ok[/order-summary]" time="0.092" /><testcase classname="tests.test_extra_stock.TestRegressionEndpoints" name="test_endpoint_ok[/extra-stock]" time="0.092" /><testcase classname="tests.test_extra_stock.TestRegressionEndpoints" name="test_endpoint_ok[/stats/dashboard]" time="0.132" /><testcase classname="tests.test_extra_stock.TestRegressionEndpoints" name="test_endpoint_ok[/stats/overview]" time="0.143" /><testcase classname="tests.test_extra_stock.TestRegressionEndpoints" name="test_endpoint_ok[/line-sheet/company-sent-rows]" time="0.093" /><testcase classname="tests.test_extra_stock.TestRegressionEndpoints" name="test_endpoint_ok[/line-sheet/company-arrived-rows]" time="0.081" /><testcase classname="tests.test_extra_stock.TestRegressionEndpoints" name="test_endpoint_ok[/line-sheet/shop-sale-rows]" time="0.075" /></testsuite></testsuites>