<?xml version="1.0" encoding="utf-8"?><testsuites name="pytest tests"><testsuite name="pytest" errors="0" failures="0" skipped="0" tests="91" time="109.995" timestamp="2026-08-24T15:47:35.164998+00:00" hostname="agent-env-429c0739-39e1-495f-a8f6-090f9102f021"><testcase classname="tests.backend_test.TestParties" name="test_list_shape" time="0.264" /><testcase classname="tests.backend_test.TestParties" name="test_create_and_delete_party" time="0.405" /><testcase classname="tests.backend_test.TestLookups" name="test_lookups_shape_and_party_pages" time="0.097" /><testcase classname="tests.backend_test.TestOrderRowsBulk" name="test_list_has_id_not_underscore" time="0.282" /><testcase classname="tests.backend_test.TestOrderRowsBulk" name="test_bulk_returns_saved_index_id_and_persists" time="0.327" /><testcase classname="tests.backend_test.TestOrderRowsBulk" name="test_autosave_second_edit_updates_same_row_no_duplicate" time="0.585" /><testcase classname="tests.backend_test.TestOrderRowsBulk" name="test_blank_rows_skipped" time="0.410" /><testcase classname="tests.backend_test.TestOrderRowsBulk" name="test_delete_row" time="0.316" /><testcase classname="tests.backend_test.TestStockRows" name="test_stock_row_shape_no_conference_field" time="0.155" /><testcase classname="tests.backend_test.TestStockRows" name="test_stock_bulk_returns_saved_and_persists" time="0.390" /><testcase classname="tests.backend_test.TestStockRows" name="test_stock_bulk_blank_skipped" time="0.347" /><testcase classname="tests.backend_test.TestReplaceEndpoints" name="test_order_replace_wipes_and_reinserts" time="0.869" /><testcase classname="tests.backend_test.TestReplaceEndpoints" name="test_stock_replace_wipes_and_reinserts" time="0.530" /><testcase classname="tests.backend_test.TestAutoStatus" name="test_auto_status_matches_on_group_item_shade" time="0.740" /><testcase classname="tests.backend_test.TestBalanceStock" name="test_shape_and_totals" time="0.157" /><testcase classname="tests.backend_test.TestBalanceStock" name="test_same_item_shade_different_group_are_separate_lines" time="0.734" /><testcase classname="tests.backend_test.TestBalanceStock" name="test_negative_balance_marked_short" time="0.490" /><testcase classname="tests.backend_test.TestOrderSummary" name="test_summary_shape_and_totals_match_order_qty" time="0.250" /><testcase classname="tests.backend_test.TestOrderSummary" name="test_summary_aggregates_group_item_shade" time="0.405" /><testcase classname="tests.backend_test.TestBlankRowDeletes" name="test_blank_order_row_with_id_deletes_server_side" time="0.460" /><testcase classname="tests.backend_test.TestBlankRowDeletes" name="test_blank_stock_row_with_id_deletes_server_side" time="0.378" /><testcase classname="tests.backend_test.TestBlankRowDeletes" name="test_stock_bulk_group_only_default_does_not_create" time="0.296" /><testcase classname="tests.backend_test.TestDashboard" name="test_dashboard_shape" time="0.108" /><testcase classname="tests.backend_test.TestCompanyOrder" name="test_shape_and_totals" time="0.133" /><testcase classname="tests.backend_test.TestCompanyOrder" name="test_pending_only_filters" time="0.239" /><testcase classname="tests.backend_test.TestCompanyOrder" name="test_stock_reduces_qty_to_order_then_restored" time="0.773" /><testcase classname="tests.backend_test.TestCompanyOrder" name="test_export_xlsx_is_valid_openpyxl" time="0.655" /><testcase classname="tests.backend_test.TestCompanyOrder" name="test_export_pdf_is_valid" time="0.306" /><testcase classname="tests.test_dashboard_overview" name="test_seed_or_present" time="0.200" /><testcase classname="tests.test_dashboard_overview" name="test_overview_shape" time="0.205" /><testcase classname="tests.test_dashboard_overview" name="test_overview_math" time="0.481" /><testcase classname="tests.test_dashboard_overview" name="test_status_counts_match" time="0.326" /><testcase classname="tests.test_dashboard_overview" name="test_regression_orders_stock_endpoints" time="0.983" /><testcase classname="tests.test_extra_stock.TestBalanceStockFormula" name="test_full_formula_with_pending_and_shop_sales" time="2.648" /><testcase classname="tests.test_extra_stock.TestBalanceStockFormula" name="test_pending_never_negative" time="2.028" /><testcase classname="tests.test_extra_stock.TestExtraStock" name="test_shape_and_totals_reconcile" time="0.099" /><testcase classname="tests.test_extra_stock.TestExtraStock" name="test_only_lines_where_arrived_gt_sent_appear" time="6.277" /><testcase classname="tests.test_extra_stock.TestExtraStockExports" name="test_xlsx_headers_and_total_row" time="0.208" /><testcase classname="tests.test_extra_stock.TestExtraStockExports" name="test_pdf_valid" time="0.106" /><testcase classname="tests.test_extra_stock.TestRegressionEndpoints" name="test_endpoint_ok[/parties]" time="0.080" /><testcase classname="tests.test_extra_stock.TestRegressionEndpoints" name="test_endpoint_ok[/order-rows]" time="0.159" /><testcase classname="tests.test_extra_stock.TestRegressionEndpoints" name="test_endpoint_ok[/stock-rows]" time="0.151" /><testcase classname="tests.test_extra_stock.TestRegressionEndpoints" name="test_endpoint_ok[/lookups]" time="0.134" /><testcase classname="tests.test_extra_stock.TestRegressionEndpoints" name="test_endpoint_ok[/company-balance]" time="0.098" /><testcase classname="tests.test_extra_stock.TestRegressionEndpoints" name="test_endpoint_ok[/company-order?pending_only=true]" time="0.106" /><testcase classname="tests.test_extra_stock.TestRegressionEndpoints" name="test_endpoint_ok[/company-order?pending_only=false]" time="0.150" /><testcase classname="tests.test_extra_stock.TestRegressionEndpoints" name="test_endpoint_ok[/balance-stock]" time="0.156" /><testcase classname="tests.test_extra_stock.TestRegressionEndpoints" name="test_endpoint_ok[/order-summary]" time="0.098" /><testcase classname="tests.test_extra_stock.TestRegressionEndpoints" name="test_endpoint_ok[/extra-stock]" time="0.092" /><testcase classname="tests.test_extra_stock.TestRegressionEndpoints" name="test_endpoint_ok[/stats/dashboard]" time="0.134" /><testcase classname="tests.test_extra_stock.TestRegressionEndpoints" name="test_endpoint_ok[/stats/overview]" time="0.149" /><testcase classname="tests.test_extra_stock.TestRegressionEndpoints" name="test_endpoint_ok[/line-sheet/company-sent-rows]" time="0.094" /><testcase classname="tests.test_extra_stock.TestRegressionEndpoints" name="test_endpoint_ok[/line-sheet/company-arrived-rows]" time="0.094" /><testcase classname="tests.test_extra_stock.TestRegressionEndpoints" name="test_endpoint_ok[/line-sheet/shop-sale-rows]" time="0.111" /><testcase classname="tests.test_haana_filters" name="test_filter_options_present" time="0.234" /><testcase classname="tests.test_haana_filters" name="test_filter_by_group" time="0.095" /><testcase classname="tests.test_haana_filters" name="test_filter_by_party" time="0.112" /><testcase classname="tests.test_haana_filters" name="test_filter_by_item" time="0.106" /><testcase classname="tests.test_haana_filters" name="test_filter_combined" time="0.128" /><testcase classname="tests.test_haana_filters" name="test_filter_conference" time="0.098" /><testcase classname="tests.test_haana_filters" name="test_assistant_empty_message" time="1.405" /><testcase classname="tests.test_haana_filters" name="test_assistant_ask_and_history" time="3.508" /><testcase classname="tests.test_haana_filters" name="test_assistant_multi_turn" time="6.717" /><testcase classname="tests.test_line_sheets.TestLineSheets" name="test_unknown_sheet_returns_404" time="56.200" /><testcase classname="tests.test_line_sheets.TestLineSheets" name="test_list_empty" time="0.423" /><testcase classname="tests.test_line_sheets.TestLineSheets" name="test_bulk_create_shape_and_persistence" time="0.561" /><testcase classname="tests.test_line_sheets.TestLineSheets" name="test_blank_rows_are_skipped" time="0.432" /><testcase classname="tests.test_line_sheets.TestLineSheets" name="test_blank_row_with_id_deletes" time="0.498" /><testcase classname="tests.test_line_sheets.TestLineSheets" name="test_replace_and_delete" time="0.668" /><testcase classname="tests.test_line_sheets.TestCompanyBalance" name="test_shape_empty" time="0.408" /><testcase classname="tests.test_line_sheets.TestCompanyBalance" name="test_sent_then_partial_arrival" time="0.670" /><testcase classname="tests.test_line_sheets.TestCompanyBalance" name="test_multiple_arrivals_accumulate_to_zero" time="0.748" /><testcase classname="tests.test_line_sheets.TestCompanyBalance" name="test_arrival_exceeding_sent_gives_negative_balance" time="0.668" /><testcase classname="tests.test_line_sheets.TestCompanyBalance" name="test_different_group_same_item_shade_are_separate" time="0.739" /><testcase classname="tests.test_line_sheets.TestCompanyBalance" name="test_deleting_arrival_restores_balance" time="0.760" /><testcase classname="tests.test_line_sheets.TestCompanyBalance" name="test_deleting_sent_removes_line" time="0.593" /><testcase classname="tests.test_line_sheets.TestRoutingRegression" name="test_all_literal_routes_still_respond" time="1.507" /><testcase classname="tests.test_line_sheets.TestRoutingRegression" name="test_order_rows_unchanged" time="0.497" /><testcase classname="tests.test_shop_sale.TestShopSaleCRUD" name="test_list_ok_and_shape" time="0.366" /><testcase classname="tests.test_shop_sale.TestShopSaleCRUD" name="test_unknown_sheet_still_404s" time="0.211" /><testcase classname="tests.test_shop_sale.TestShopSaleCRUD" name="test_bulk_create_party_bill_roundtrip" time="0.367" /><testcase classname="tests.test_shop_sale.TestShopSaleCRUD" name="test_partial_row_party_and_bill_only_persists" time="0.417" /><testcase classname="tests.test_shop_sale.TestShopSaleCRUD" name="test_only_party_persists" time="0.370" /><testcase classname="tests.test_shop_sale.TestShopSaleCRUD" name="test_fully_blank_row_skipped" time="0.276" /><testcase classname="tests.test_shop_sale.TestShopSaleCRUD" name="test_blank_with_id_deletes" time="0.516" /><testcase classname="tests.test_shop_sale.TestShopSaleCRUD" name="test_update_by_id" time="0.466" /><testcase classname="tests.test_shop_sale.TestShopSaleCRUD" name="test_replace_wipes_and_reinserts" time="0.551" /><testcase classname="tests.test_shop_sale.TestShopSaleCRUD" name="test_delete_by_id" time="0.378" /><testcase classname="tests.test_shop_sale.TestNoRegressionOnOtherLineSheets" name="test_company_sent_still_accepts_and_lists_with_party_bill" time="0.754" /><testcase classname="tests.test_shop_sale.TestNoRegressionOnOtherLineSheets" name="test_company_balance_ignores_shop_sale" time="0.453" /><testcase classname="tests.test_shop_sale.TestNoRegressionOnOtherLineSheets" name="test_dashboard_unaffected_by_shop_sale" time="0.526" /></testsuite></testsuites>