<?xml version="1.0" encoding="utf-8"?><testsuites name="pytest tests"><testsuite name="pytest" errors="0" failures="0" skipped="0" tests="91" time="53.666" timestamp="2026-09-09T08:45:33.842206+00:00" hostname="agent-env-429c0739-39e1-495f-a8f6-090f9102f021"><testcase classname="tests.backend_test.TestParties" name="test_list_shape" time="0.311" /><testcase classname="tests.backend_test.TestParties" name="test_create_and_delete_party" time="0.298" /><testcase classname="tests.backend_test.TestLookups" name="test_lookups_shape_and_party_pages" time="0.096" /><testcase classname="tests.backend_test.TestOrderRowsBulk" name="test_list_has_id_not_underscore" time="0.216" /><testcase classname="tests.backend_test.TestOrderRowsBulk" name="test_bulk_returns_saved_index_id_and_persists" time="0.400" /><testcase classname="tests.backend_test.TestOrderRowsBulk" name="test_autosave_second_edit_updates_same_row_no_duplicate" time="0.537" /><testcase classname="tests.backend_test.TestOrderRowsBulk" name="test_blank_rows_skipped" time="0.447" /><testcase classname="tests.backend_test.TestOrderRowsBulk" name="test_delete_row" time="0.271" /><testcase classname="tests.backend_test.TestStockRows" name="test_stock_row_shape_no_conference_field" time="0.098" /><testcase classname="tests.backend_test.TestStockRows" name="test_stock_bulk_returns_saved_and_persists" time="0.356" /><testcase classname="tests.backend_test.TestStockRows" name="test_stock_bulk_blank_skipped" time="0.292" /><testcase classname="tests.backend_test.TestReplaceEndpoints" name="test_order_replace_wipes_and_reinserts" time="0.726" /><testcase classname="tests.backend_test.TestReplaceEndpoints" name="test_stock_replace_wipes_and_reinserts" time="0.487" /><testcase classname="tests.backend_test.TestAutoStatus" name="test_auto_status_matches_on_group_item_shade" time="0.574" /><testcase classname="tests.backend_test.TestBalanceStock" name="test_shape_and_totals" time="0.123" /><testcase classname="tests.backend_test.TestBalanceStock" name="test_same_item_shade_different_group_are_separate_lines" time="0.553" /><testcase classname="tests.backend_test.TestBalanceStock" name="test_negative_balance_marked_short" time="0.420" /><testcase classname="tests.backend_test.TestOrderSummary" name="test_summary_shape_and_totals_match_order_qty" time="0.214" /><testcase classname="tests.backend_test.TestOrderSummary" name="test_summary_aggregates_group_item_shade" time="0.371" /><testcase classname="tests.backend_test.TestBlankRowDeletes" name="test_blank_order_row_with_id_deletes_server_side" time="0.402" /><testcase classname="tests.backend_test.TestBlankRowDeletes" name="test_blank_stock_row_with_id_deletes_server_side" time="0.358" /><testcase classname="tests.backend_test.TestBlankRowDeletes" name="test_stock_bulk_group_only_default_does_not_create" time="0.261" /><testcase classname="tests.backend_test.TestDashboard" name="test_dashboard_shape" time="0.086" /><testcase classname="tests.backend_test.TestCompanyOrder" name="test_shape_and_totals" time="0.096" /><testcase classname="tests.backend_test.TestCompanyOrder" name="test_pending_only_filters" time="0.199" /><testcase classname="tests.backend_test.TestCompanyOrder" name="test_stock_reduces_qty_to_order_then_restored" time="0.565" /><testcase classname="tests.backend_test.TestCompanyOrder" name="test_export_xlsx_is_valid_openpyxl" time="1.359" /><testcase classname="tests.backend_test.TestCompanyOrder" name="test_export_pdf_is_valid" time="0.596" /><testcase classname="tests.test_dashboard_overview" name="test_seed_or_present" time="0.194" /><testcase classname="tests.test_dashboard_overview" name="test_overview_shape" time="0.142" /><testcase classname="tests.test_dashboard_overview" name="test_overview_math" time="0.420" /><testcase classname="tests.test_dashboard_overview" name="test_status_counts_match" time="0.236" /><testcase classname="tests.test_dashboard_overview" name="test_regression_orders_stock_endpoints" time="0.775" /><testcase classname="tests.test_extra_stock.TestBalanceStockFormula" name="test_full_formula_with_pending_and_shop_sales" time="2.016" /><testcase classname="tests.test_extra_stock.TestBalanceStockFormula" name="test_pending_never_negative" time="1.424" /><testcase classname="tests.test_extra_stock.TestExtraStock" name="test_shape_and_totals_reconcile" time="0.071" /><testcase classname="tests.test_extra_stock.TestExtraStock" name="test_only_lines_where_arrived_gt_sent_appear" time="4.909" /><testcase classname="tests.test_extra_stock.TestExtraStockExports" name="test_xlsx_headers_and_total_row" time="0.151" /><testcase classname="tests.test_extra_stock.TestExtraStockExports" name="test_pdf_valid" time="0.078" /><testcase classname="tests.test_extra_stock.TestRegressionEndpoints" name="test_endpoint_ok[/parties]" time="0.071" /><testcase classname="tests.test_extra_stock.TestRegressionEndpoints" name="test_endpoint_ok[/order-rows]" time="0.124" /><testcase classname="tests.test_extra_stock.TestRegressionEndpoints" name="test_endpoint_ok[/stock-rows]" time="0.098" /><testcase classname="tests.test_extra_stock.TestRegressionEndpoints" name="test_endpoint_ok[/lookups]" time="0.085" /><testcase classname="tests.test_extra_stock.TestRegressionEndpoints" name="test_endpoint_ok[/company-balance]" time="0.068" /><testcase classname="tests.test_extra_stock.TestRegressionEndpoints" name="test_endpoint_ok[/company-order?pending_only=true]" time="0.089" /><testcase classname="tests.test_extra_stock.TestRegressionEndpoints" name="test_endpoint_ok[/company-order?pending_only=false]" time="0.095" /><testcase classname="tests.test_extra_stock.TestRegressionEndpoints" name="test_endpoint_ok[/balance-stock]" time="0.136" /><testcase classname="tests.test_extra_stock.TestRegressionEndpoints" name="test_endpoint_ok[/order-summary]" time="0.083" /><testcase classname="tests.test_extra_stock.TestRegressionEndpoints" name="test_endpoint_ok[/extra-stock]" time="0.070" /><testcase classname="tests.test_extra_stock.TestRegressionEndpoints" name="test_endpoint_ok[/stats/dashboard]" time="0.086" /><testcase classname="tests.test_extra_stock.TestRegressionEndpoints" name="test_endpoint_ok[/stats/overview]" time="0.102" /><testcase classname="tests.test_extra_stock.TestRegressionEndpoints" name="test_endpoint_ok[/line-sheet/company-sent-rows]" time="0.069" /><testcase classname="tests.test_extra_stock.TestRegressionEndpoints" name="test_endpoint_ok[/line-sheet/company-arrived-rows]" time="0.071" /><testcase classname="tests.test_extra_stock.TestRegressionEndpoints" name="test_endpoint_ok[/line-sheet/shop-sale-rows]" time="0.069" /><testcase classname="tests.test_haana_filters" name="test_filter_options_present" time="0.202" /><testcase classname="tests.test_haana_filters" name="test_filter_by_group" time="0.096" /><testcase classname="tests.test_haana_filters" name="test_filter_by_party" time="0.099" /><testcase classname="tests.test_haana_filters" name="test_filter_by_item" time="0.122" /><testcase classname="tests.test_haana_filters" name="test_filter_combined" time="0.113" /><testcase classname="tests.test_haana_filters" name="test_filter_conference" time="0.095" /><testcase classname="tests.test_haana_filters" name="test_assistant_empty_message" time="4.599" /><testcase classname="tests.test_haana_filters" name="test_assistant_ask_and_history" time="4.143" /><testcase classname="tests.test_haana_filters" name="test_assistant_multi_turn" time="7.506" /><testcase classname="tests.test_line_sheets.TestLineSheets" name="test_unknown_sheet_returns_404" time="1.138" /><testcase classname="tests.test_line_sheets.TestLineSheets" name="test_list_empty" time="0.343" /><testcase classname="tests.test_line_sheets.TestLineSheets" name="test_bulk_create_shape_and_persistence" time="0.498" /><testcase classname="tests.test_line_sheets.TestLineSheets" name="test_blank_rows_are_skipped" time="0.411" /><testcase classname="tests.test_line_sheets.TestLineSheets" name="test_blank_row_with_id_deletes" time="0.485" /><testcase classname="tests.test_line_sheets.TestLineSheets" name="test_replace_and_delete" time="0.621" /><testcase classname="tests.test_line_sheets.TestCompanyBalance" name="test_shape_empty" time="0.341" /><testcase classname="tests.test_line_sheets.TestCompanyBalance" name="test_sent_then_partial_arrival" time="0.616" /><testcase classname="tests.test_line_sheets.TestCompanyBalance" name="test_multiple_arrivals_accumulate_to_zero" time="0.704" /><testcase classname="tests.test_line_sheets.TestCompanyBalance" name="test_arrival_exceeding_sent_gives_negative_balance" time="0.621" /><testcase classname="tests.test_line_sheets.TestCompanyBalance" name="test_different_group_same_item_shade_are_separate" time="0.695" /><testcase classname="tests.test_line_sheets.TestCompanyBalance" name="test_deleting_arrival_restores_balance" time="0.695" /><testcase classname="tests.test_line_sheets.TestCompanyBalance" name="test_deleting_sent_removes_line" time="0.546" /><testcase classname="tests.test_line_sheets.TestRoutingRegression" name="test_all_literal_routes_still_respond" time="1.184" /><testcase classname="tests.test_line_sheets.TestRoutingRegression" name="test_order_rows_unchanged" time="0.441" /><testcase classname="tests.test_shop_sale.TestShopSaleCRUD" name="test_list_ok_and_shape" time="0.285" /><testcase classname="tests.test_shop_sale.TestShopSaleCRUD" name="test_unknown_sheet_still_404s" time="0.209" /><testcase classname="tests.test_shop_sale.TestShopSaleCRUD" name="test_bulk_create_party_bill_roundtrip" time="0.342" /><testcase classname="tests.test_shop_sale.TestShopSaleCRUD" name="test_partial_row_party_and_bill_only_persists" time="0.354" /><testcase classname="tests.test_shop_sale.TestShopSaleCRUD" name="test_only_party_persists" time="0.278" /><testcase classname="tests.test_shop_sale.TestShopSaleCRUD" name="test_fully_blank_row_skipped" time="0.210" /><testcase classname="tests.test_shop_sale.TestShopSaleCRUD" name="test_blank_with_id_deletes" time="0.354" /><testcase classname="tests.test_shop_sale.TestShopSaleCRUD" name="test_update_by_id" time="0.415" /><testcase classname="tests.test_shop_sale.TestShopSaleCRUD" name="test_replace_wipes_and_reinserts" time="0.494" /><testcase classname="tests.test_shop_sale.TestShopSaleCRUD" name="test_delete_by_id" time="0.335" /><testcase classname="tests.test_shop_sale.TestNoRegressionOnOtherLineSheets" name="test_company_sent_still_accepts_and_lists_with_party_bill" time="0.350" /><testcase classname="tests.test_shop_sale.TestNoRegressionOnOtherLineSheets" name="test_company_balance_ignores_shop_sale" time="0.419" /><testcase classname="tests.test_shop_sale.TestNoRegressionOnOtherLineSheets" name="test_dashboard_unaffected_by_shop_sale" time="0.455" /></testsuite></testsuites>