<?xml version="1.0" encoding="utf-8"?><testsuites name="pytest tests"><testsuite name="pytest" errors="0" failures="0" skipped="0" tests="23" time="6.809" timestamp="2026-08-24T11:43:48.122289+00:00" hostname="agent-env-429c0739-39e1-495f-a8f6-090f9102f021"><testcase classname="tests.backend_test.TestParties" name="test_list_shape" time="0.378" /><testcase classname="tests.backend_test.TestParties" name="test_create_and_delete_party" time="0.302" /><testcase classname="tests.backend_test.TestLookups" name="test_lookups_shape_and_party_pages" time="0.080" /><testcase classname="tests.backend_test.TestOrderRowsBulk" name="test_list_has_id_not_underscore" time="0.092" /><testcase classname="tests.backend_test.TestOrderRowsBulk" name="test_bulk_returns_saved_index_id_and_persists" time="0.246" /><testcase classname="tests.backend_test.TestOrderRowsBulk" name="test_autosave_second_edit_updates_same_row_no_duplicate" time="0.407" /><testcase classname="tests.backend_test.TestOrderRowsBulk" name="test_blank_rows_skipped" time="0.269" /><testcase classname="tests.backend_test.TestOrderRowsBulk" name="test_delete_row" time="0.237" /><testcase classname="tests.backend_test.TestStockRows" name="test_stock_row_shape_no_conference_field" time="0.076" /><testcase classname="tests.backend_test.TestStockRows" name="test_stock_bulk_returns_saved_and_persists" time="0.330" /><testcase classname="tests.backend_test.TestStockRows" name="test_stock_bulk_blank_skipped" time="0.230" /><testcase classname="tests.backend_test.TestReplaceEndpoints" name="test_order_replace_wipes_and_reinserts" time="0.470" /><testcase classname="tests.backend_test.TestReplaceEndpoints" name="test_stock_replace_wipes_and_reinserts" time="0.371" /><testcase classname="tests.backend_test.TestAutoStatus" name="test_auto_status_matches_on_group_item_shade" time="0.546" /><testcase classname="tests.backend_test.TestBalanceStock" name="test_shape_and_totals" time="0.085" /><testcase classname="tests.backend_test.TestBalanceStock" name="test_same_item_shade_different_group_are_separate_lines" time="0.536" /><testcase classname="tests.backend_test.TestBalanceStock" name="test_negative_balance_marked_short" time="0.383" /><testcase classname="tests.backend_test.TestOrderSummary" name="test_summary_shape_and_totals_match_order_qty" time="0.191" /><testcase classname="tests.backend_test.TestOrderSummary" name="test_summary_aggregates_group_item_shade" time="0.458" /><testcase classname="tests.backend_test.TestBlankRowDeletes" name="test_blank_order_row_with_id_deletes_server_side" time="0.352" /><testcase classname="tests.backend_test.TestBlankRowDeletes" name="test_blank_stock_row_with_id_deletes_server_side" time="0.307" /><testcase classname="tests.backend_test.TestBlankRowDeletes" name="test_stock_bulk_group_only_default_does_not_create" time="0.230" /><testcase classname="tests.backend_test.TestDashboard" name="test_dashboard_shape" time="0.082" /></testsuite></testsuites>